<?xml version="1.0" encoding="UTF-8"?>
<testsuite name="com.zawodyweb.zawodyweb.Controllers.ContestControllerTest" tests="7" skipped="0" failures="0" errors="0" timestamp="2026-02-05T18:02:22.371Z" hostname="nixos" time="1.523">
  <properties/>
  <testcase name="getContest_ShouldReturn400_WhenIdIsNotNumber()" classname="com.zawodyweb.zawodyweb.Controllers.ContestControllerTest" time="0.22"/>
  <testcase name="getContest_ShouldReturnContest_WhenIdExists()" classname="com.zawodyweb.zawodyweb.Controllers.ContestControllerTest" time="0.238"/>
  <testcase name="contestCreateSucess()" classname="com.zawodyweb.zawodyweb.Controllers.ContestControllerTest" time="0.274"/>
  <testcase name="getContest_ShouldReturn404_WhenParamIsMissing()" classname="com.zawodyweb.zawodyweb.Controllers.ContestControllerTest" time="0.2"/>
  <testcase name="getContest_ShouldReturn404_WhenIdDoesNotExist()" classname="com.zawodyweb.zawodyweb.Controllers.ContestControllerTest" time="0.191"/>
  <testcase name="getAllContests_ShouldReturnList()" classname="com.zawodyweb.zawodyweb.Controllers.ContestControllerTest" time="0.21"/>
  <testcase name="getAllContests_ShouldFail_WhenNoToken()" classname="com.zawodyweb.zawodyweb.Controllers.ContestControllerTest" time="0.18"/>
  <system-out><![CDATA[2026-02-05T19:02:22.363+01:00  INFO 59156 --- [ZawodySpringWeb] [    Test worker] t.c.s.AnnotationConfigContextLoaderUtils : Could not detect default configuration classes for test class [com.zawodyweb.zawodyweb.Controllers.ContestControllerTest]: ContestControllerTest does not declare any static, non-private, non-final, nested classes annotated with @Configuration.
2026-02-05T19:02:22.367+01:00  INFO 59156 --- [ZawodySpringWeb] [    Test worker] .b.t.c.SpringBootTestContextBootstrapper : Found @SpringBootConfiguration com.zawodyweb.zawodyweb.ZawodywebApplication for test class com.zawodyweb.zawodyweb.Controllers.ContestControllerTest
Hibernate: 
    select
        c1_0.id,
        c1_0.access_password,
        c1_0.description,
        c1_0.end_time,
        c1_0.name,
        c1_0.start_time,
        c1_0.visible 
    from
        contests c1_0
Hibernate: 
    select
        u1_0.id,
        u1_0.email,
        u1_0.enabled,
        u1_0.first_name,
        u1_0.last_login_at,
        u1_0.last_name,
        u1_0.login,
        u1_0.password_hash,
        u1_0.registered_at 
    from
        users u1_0
Hibernate: 
    select
        r1_0.user_id,
        r1_0.role 
    from
        user_roles r1_0 
    where
        r1_0.user_id=?
Hibernate: 
    delete 
    from
        user_roles 
    where
        user_id=?
Hibernate: 
    delete 
    from
        users 
    where
        id=?
2026-02-05T19:02:22.385+01:00 DEBUG 59156 --- [ZawodySpringWeb] [    Test worker] o.s.security.web.FilterChainProxy        : Securing POST /api/auth/register
2026-02-05T19:02:22.386+01:00 DEBUG 59156 --- [ZawodySpringWeb] [    Test worker] o.s.s.w.a.AnonymousAuthenticationFilter  : Set SecurityContextHolder to anonymous SecurityContext
2026-02-05T19:02:22.386+01:00 DEBUG 59156 --- [ZawodySpringWeb] [    Test worker] o.s.security.web.FilterChainProxy        : Secured POST /api/auth/register
Hibernate: 
    select
        u1_0.id 
    from
        users u1_0 
    where
        u1_0.email=? 
    fetch
        first ? rows only
Hibernate: 
    insert 
    into
        users
        (email, enabled, first_name, last_login_at, last_name, login, password_hash, registered_at, id) 
    values
        (?, ?, ?, ?, ?, ?, ?, ?, default)
Hibernate: 
    insert 
    into
        user_roles
        (user_id, role) 
    values
        (?, ?)
2026-02-05T19:02:22.556+01:00 DEBUG 59156 --- [ZawodySpringWeb] [    Test worker] o.s.security.web.FilterChainProxy        : Securing GET /api/contests
Hibernate: 
    select
        u1_0.id,
        u1_0.email,
        u1_0.enabled,
        u1_0.first_name,
        u1_0.last_login_at,
        u1_0.last_name,
        u1_0.login,
        u1_0.password_hash,
        u1_0.registered_at 
    from
        users u1_0 
    where
        u1_0.login=?
Hibernate: 
    select
        r1_0.user_id,
        r1_0.role 
    from
        user_roles r1_0 
    where
        r1_0.user_id=?
2026-02-05T19:02:22.580+01:00 DEBUG 59156 --- [ZawodySpringWeb] [    Test worker] o.s.security.web.FilterChainProxy        : Secured GET /api/contests
2026-02-05T19:02:22.586+01:00  WARN 59156 --- [ZawodySpringWeb] [    Test worker] .w.s.m.s.DefaultHandlerExceptionResolver : Resolved [org.springframework.web.method.annotation.MethodArgumentTypeMismatchException: Method parameter 'id': Failed to convert value of type 'java.lang.String' to required type 'java.lang.Long'; For input string: "not-a-number"]
Hibernate: 
    select
        c1_0.id,
        c1_0.access_password,
        c1_0.description,
        c1_0.end_time,
        c1_0.name,
        c1_0.start_time,
        c1_0.visible 
    from
        contests c1_0
Hibernate: 
    select
        u1_0.id,
        u1_0.email,
        u1_0.enabled,
        u1_0.first_name,
        u1_0.last_login_at,
        u1_0.last_name,
        u1_0.login,
        u1_0.password_hash,
        u1_0.registered_at 
    from
        users u1_0
Hibernate: 
    select
        r1_0.user_id,
        r1_0.role 
    from
        user_roles r1_0 
    where
        r1_0.user_id=?
Hibernate: 
    delete 
    from
        user_roles 
    where
        user_id=?
Hibernate: 
    delete 
    from
        users 
    where
        id=?
2026-02-05T19:02:22.610+01:00 DEBUG 59156 --- [ZawodySpringWeb] [    Test worker] o.s.security.web.FilterChainProxy        : Securing POST /api/auth/register
2026-02-05T19:02:22.610+01:00 DEBUG 59156 --- [ZawodySpringWeb] [    Test worker] o.s.s.w.a.AnonymousAuthenticationFilter  : Set SecurityContextHolder to anonymous SecurityContext
2026-02-05T19:02:22.611+01:00 DEBUG 59156 --- [ZawodySpringWeb] [    Test worker] o.s.security.web.FilterChainProxy        : Secured POST /api/auth/register
Hibernate: 
    select
        u1_0.id 
    from
        users u1_0 
    where
        u1_0.email=? 
    fetch
        first ? rows only
Hibernate: 
    insert 
    into
        users
        (email, enabled, first_name, last_login_at, last_name, login, password_hash, registered_at, id) 
    values
        (?, ?, ?, ?, ?, ?, ?, ?, default)
Hibernate: 
    insert 
    into
        user_roles
        (user_id, role) 
    values
        (?, ?)
Hibernate: 
    select
        next value for contests_seq
Hibernate: 
    insert 
    into
        contests
        (access_password, description, end_time, name, start_time, visible, id) 
    values
        (?, ?, ?, ?, ?, ?, ?)
2026-02-05T19:02:22.785+01:00 DEBUG 59156 --- [ZawodySpringWeb] [    Test worker] o.s.security.web.FilterChainProxy        : Securing GET /api/contests
Hibernate: 
    select
        u1_0.id,
        u1_0.email,
        u1_0.enabled,
        u1_0.first_name,
        u1_0.last_login_at,
        u1_0.last_name,
        u1_0.login,
        u1_0.password_hash,
        u1_0.registered_at 
    from
        users u1_0 
    where
        u1_0.login=?
Hibernate: 
    select
        r1_0.user_id,
        r1_0.role 
    from
        user_roles r1_0 
    where
        r1_0.user_id=?
2026-02-05T19:02:22.795+01:00 DEBUG 59156 --- [ZawodySpringWeb] [    Test worker] o.s.security.web.FilterChainProxy        : Secured GET /api/contests
Hibernate: 
    select
        c1_0.id,
        c1_0.access_password,
        c1_0.description,
        c1_0.end_time,
        c1_0.name,
        c1_0.start_time,
        c1_0.visible 
    from
        contests c1_0 
    where
        c1_0.id=?
Hibernate: 
    select
        p1_0.contest_id,
        p1_0.id,
        p1_0.code_size_limit_kb,
        p1_0.max_points,
        p1_0.memory_limit_mb,
        p1_0.name,
        p1_0.short_code,
        p1_0.statement,
        p1_0.time_limit_ms,
        p1_0.visible_in_ranking 
    from
        problems p1_0 
    where
        p1_0.contest_id=?
Hibernate: 
    select
        c1_0.id,
        c1_0.access_password,
        c1_0.description,
        c1_0.end_time,
        c1_0.name,
        c1_0.start_time,
        c1_0.visible 
    from
        contests c1_0
Hibernate: 
    delete 
    from
        contests 
    where
        id=?
Hibernate: 
    select
        u1_0.id,
        u1_0.email,
        u1_0.enabled,
        u1_0.first_name,
        u1_0.last_login_at,
        u1_0.last_name,
        u1_0.login,
        u1_0.password_hash,
        u1_0.registered_at 
    from
        users u1_0
Hibernate: 
    select
        r1_0.user_id,
        r1_0.role 
    from
        user_roles r1_0 
    where
        r1_0.user_id=?
Hibernate: 
    delete 
    from
        user_roles 
    where
        user_id=?
Hibernate: 
    delete 
    from
        users 
    where
        id=?
2026-02-05T19:02:22.857+01:00 DEBUG 59156 --- [ZawodySpringWeb] [    Test worker] o.s.security.web.FilterChainProxy        : Securing POST /api/auth/register
2026-02-05T19:02:22.858+01:00 DEBUG 59156 --- [ZawodySpringWeb] [    Test worker] o.s.security.web.FilterChainProxy        : Secured POST /api/auth/register
Hibernate: 
    select
        u1_0.id 
    from
        users u1_0 
    where
        u1_0.email=? 
    fetch
        first ? rows only
Hibernate: 
    insert 
    into
        users
        (email, enabled, first_name, last_login_at, last_name, login, password_hash, registered_at, id) 
    values
        (?, ?, ?, ?, ?, ?, ?, ?, default)
Hibernate: 
    insert 
    into
        user_roles
        (user_id, role) 
    values
        (?, ?)
2026-02-05T19:02:23.024+01:00 DEBUG 59156 --- [ZawodySpringWeb] [    Test worker] o.s.security.web.FilterChainProxy        : Securing POST /api/contests
2026-02-05T19:02:23.026+01:00 DEBUG 59156 --- [ZawodySpringWeb] [    Test worker] o.s.security.web.FilterChainProxy        : Secured POST /api/contests
Hibernate: 
    select
        next value for contests_seq
Hibernate: 
    insert 
    into
        contests
        (access_password, description, end_time, name, start_time, visible, id) 
    values
        (?, ?, ?, ?, ?, ?, ?)
Hibernate: 
    select
        c1_0.id,
        c1_0.access_password,
        c1_0.description,
        c1_0.end_time,
        c1_0.name,
        c1_0.start_time,
        c1_0.visible 
    from
        contests c1_0
Hibernate: 
    select
        c1_0.id,
        c1_0.access_password,
        c1_0.description,
        c1_0.end_time,
        c1_0.name,
        c1_0.start_time,
        c1_0.visible 
    from
        contests c1_0
Hibernate: 
    delete 
    from
        contests 
    where
        id=?
Hibernate: 
    select
        u1_0.id,
        u1_0.email,
        u1_0.enabled,
        u1_0.first_name,
        u1_0.last_login_at,
        u1_0.last_name,
        u1_0.login,
        u1_0.password_hash,
        u1_0.registered_at 
    from
        users u1_0
Hibernate: 
    select
        r1_0.user_id,
        r1_0.role 
    from
        user_roles r1_0 
    where
        r1_0.user_id=?
Hibernate: 
    delete 
    from
        user_roles 
    where
        user_id=?
Hibernate: 
    delete 
    from
        users 
    where
        id=?
2026-02-05T19:02:23.122+01:00 DEBUG 59156 --- [ZawodySpringWeb] [    Test worker] o.s.security.web.FilterChainProxy        : Securing POST /api/auth/register
2026-02-05T19:02:23.123+01:00 DEBUG 59156 --- [ZawodySpringWeb] [    Test worker] o.s.s.w.a.AnonymousAuthenticationFilter  : Set SecurityContextHolder to anonymous SecurityContext
2026-02-05T19:02:23.123+01:00 DEBUG 59156 --- [ZawodySpringWeb] [    Test worker] o.s.security.web.FilterChainProxy        : Secured POST /api/auth/register
Hibernate: 
    select
        u1_0.id 
    from
        users u1_0 
    where
        u1_0.email=? 
    fetch
        first ? rows only
Hibernate: 
    insert 
    into
        users
        (email, enabled, first_name, last_login_at, last_name, login, password_hash, registered_at, id) 
    values
        (?, ?, ?, ?, ?, ?, ?, ?, default)
Hibernate: 
    insert 
    into
        user_roles
        (user_id, role) 
    values
        (?, ?)
2026-02-05T19:02:23.289+01:00 DEBUG 59156 --- [ZawodySpringWeb] [    Test worker] o.s.security.web.FilterChainProxy        : Securing GET /api/contests/
Hibernate: 
    select
        u1_0.id,
        u1_0.email,
        u1_0.enabled,
        u1_0.first_name,
        u1_0.last_login_at,
        u1_0.last_name,
        u1_0.login,
        u1_0.password_hash,
        u1_0.registered_at 
    from
        users u1_0 
    where
        u1_0.login=?
Hibernate: 
    select
        r1_0.user_id,
        r1_0.role 
    from
        user_roles r1_0 
    where
        r1_0.user_id=?
2026-02-05T19:02:23.298+01:00 DEBUG 59156 --- [ZawodySpringWeb] [    Test worker] o.s.security.web.FilterChainProxy        : Secured GET /api/contests/
Hibernate: 
    select
        c1_0.id,
        c1_0.access_password,
        c1_0.description,
        c1_0.end_time,
        c1_0.name,
        c1_0.start_time,
        c1_0.visible 
    from
        contests c1_0
Hibernate: 
    select
        u1_0.id,
        u1_0.email,
        u1_0.enabled,
        u1_0.first_name,
        u1_0.last_login_at,
        u1_0.last_name,
        u1_0.login,
        u1_0.password_hash,
        u1_0.registered_at 
    from
        users u1_0
Hibernate: 
    select
        r1_0.user_id,
        r1_0.role 
    from
        user_roles r1_0 
    where
        r1_0.user_id=?
Hibernate: 
    delete 
    from
        user_roles 
    where
        user_id=?
Hibernate: 
    delete 
    from
        users 
    where
        id=?
2026-02-05T19:02:23.322+01:00 DEBUG 59156 --- [ZawodySpringWeb] [    Test worker] o.s.security.web.FilterChainProxy        : Securing POST /api/auth/register
2026-02-05T19:02:23.322+01:00 DEBUG 59156 --- [ZawodySpringWeb] [    Test worker] o.s.s.w.a.AnonymousAuthenticationFilter  : Set SecurityContextHolder to anonymous SecurityContext
2026-02-05T19:02:23.323+01:00 DEBUG 59156 --- [ZawodySpringWeb] [    Test worker] o.s.security.web.FilterChainProxy        : Secured POST /api/auth/register
Hibernate: 
    select
        u1_0.id 
    from
        users u1_0 
    where
        u1_0.email=? 
    fetch
        first ? rows only
Hibernate: 
    insert 
    into
        users
        (email, enabled, first_name, last_login_at, last_name, login, password_hash, registered_at, id) 
    values
        (?, ?, ?, ?, ?, ?, ?, ?, default)
Hibernate: 
    insert 
    into
        user_roles
        (user_id, role) 
    values
        (?, ?)
2026-02-05T19:02:23.485+01:00 DEBUG 59156 --- [ZawodySpringWeb] [    Test worker] o.s.security.web.FilterChainProxy        : Securing GET /api/contests/
Hibernate: 
    select
        u1_0.id,
        u1_0.email,
        u1_0.enabled,
        u1_0.first_name,
        u1_0.last_login_at,
        u1_0.last_name,
        u1_0.login,
        u1_0.password_hash,
        u1_0.registered_at 
    from
        users u1_0 
    where
        u1_0.login=?
Hibernate: 
    select
        r1_0.user_id,
        r1_0.role 
    from
        user_roles r1_0 
    where
        r1_0.user_id=?
2026-02-05T19:02:23.494+01:00 DEBUG 59156 --- [ZawodySpringWeb] [    Test worker] o.s.security.web.FilterChainProxy        : Secured GET /api/contests/
Hibernate: 
    select
        c1_0.id,
        c1_0.access_password,
        c1_0.description,
        c1_0.end_time,
        c1_0.name,
        c1_0.start_time,
        c1_0.visible 
    from
        contests c1_0
Hibernate: 
    select
        u1_0.id,
        u1_0.email,
        u1_0.enabled,
        u1_0.first_name,
        u1_0.last_login_at,
        u1_0.last_name,
        u1_0.login,
        u1_0.password_hash,
        u1_0.registered_at 
    from
        users u1_0
Hibernate: 
    select
        r1_0.user_id,
        r1_0.role 
    from
        user_roles r1_0 
    where
        r1_0.user_id=?
Hibernate: 
    delete 
    from
        user_roles 
    where
        user_id=?
Hibernate: 
    delete 
    from
        users 
    where
        id=?
2026-02-05T19:02:23.514+01:00 DEBUG 59156 --- [ZawodySpringWeb] [    Test worker] o.s.security.web.FilterChainProxy        : Securing POST /api/auth/register
2026-02-05T19:02:23.515+01:00 DEBUG 59156 --- [ZawodySpringWeb] [    Test worker] o.s.s.w.a.AnonymousAuthenticationFilter  : Set SecurityContextHolder to anonymous SecurityContext
2026-02-05T19:02:23.515+01:00 DEBUG 59156 --- [ZawodySpringWeb] [    Test worker] o.s.security.web.FilterChainProxy        : Secured POST /api/auth/register
Hibernate: 
    select
        u1_0.id 
    from
        users u1_0 
    where
        u1_0.email=? 
    fetch
        first ? rows only
Hibernate: 
    insert 
    into
        users
        (email, enabled, first_name, last_login_at, last_name, login, password_hash, registered_at, id) 
    values
        (?, ?, ?, ?, ?, ?, ?, ?, default)
Hibernate: 
    insert 
    into
        user_roles
        (user_id, role) 
    values
        (?, ?)
Hibernate: 
    insert 
    into
        contests
        (access_password, description, end_time, name, start_time, visible, id) 
    values
        (?, ?, ?, ?, ?, ?, ?)
Hibernate: 
    insert 
    into
        contests
        (access_password, description, end_time, name, start_time, visible, id) 
    values
        (?, ?, ?, ?, ?, ?, ?)
2026-02-05T19:02:23.680+01:00 DEBUG 59156 --- [ZawodySpringWeb] [    Test worker] o.s.security.web.FilterChainProxy        : Securing GET /api/contests/all
Hibernate: 
    select
        u1_0.id,
        u1_0.email,
        u1_0.enabled,
        u1_0.first_name,
        u1_0.last_login_at,
        u1_0.last_name,
        u1_0.login,
        u1_0.password_hash,
        u1_0.registered_at 
    from
        users u1_0 
    where
        u1_0.login=?
Hibernate: 
    select
        r1_0.user_id,
        r1_0.role 
    from
        user_roles r1_0 
    where
        r1_0.user_id=?
2026-02-05T19:02:23.689+01:00 DEBUG 59156 --- [ZawodySpringWeb] [    Test worker] o.s.security.web.FilterChainProxy        : Secured GET /api/contests/all
Hibernate: 
    select
        c1_0.id,
        c1_0.access_password,
        c1_0.description,
        c1_0.end_time,
        c1_0.name,
        c1_0.start_time,
        c1_0.visible 
    from
        contests c1_0
Hibernate: 
    select
        p1_0.contest_id,
        p1_0.id,
        p1_0.code_size_limit_kb,
        p1_0.max_points,
        p1_0.memory_limit_mb,
        p1_0.name,
        p1_0.short_code,
        p1_0.statement,
        p1_0.time_limit_ms,
        p1_0.visible_in_ranking 
    from
        problems p1_0 
    where
        p1_0.contest_id=?
Hibernate: 
    select
        p1_0.contest_id,
        p1_0.id,
        p1_0.code_size_limit_kb,
        p1_0.max_points,
        p1_0.memory_limit_mb,
        p1_0.name,
        p1_0.short_code,
        p1_0.statement,
        p1_0.time_limit_ms,
        p1_0.visible_in_ranking 
    from
        problems p1_0 
    where
        p1_0.contest_id=?
Hibernate: 
    select
        c1_0.id,
        c1_0.access_password,
        c1_0.description,
        c1_0.end_time,
        c1_0.name,
        c1_0.start_time,
        c1_0.visible 
    from
        contests c1_0
Hibernate: 
    delete 
    from
        contests 
    where
        id=?
Hibernate: 
    delete 
    from
        contests 
    where
        id=?
Hibernate: 
    select
        u1_0.id,
        u1_0.email,
        u1_0.enabled,
        u1_0.first_name,
        u1_0.last_login_at,
        u1_0.last_name,
        u1_0.login,
        u1_0.password_hash,
        u1_0.registered_at 
    from
        users u1_0
Hibernate: 
    select
        r1_0.user_id,
        r1_0.role 
    from
        user_roles r1_0 
    where
        r1_0.user_id=?
Hibernate: 
    delete 
    from
        user_roles 
    where
        user_id=?
Hibernate: 
    delete 
    from
        users 
    where
        id=?
2026-02-05T19:02:23.726+01:00 DEBUG 59156 --- [ZawodySpringWeb] [    Test worker] o.s.security.web.FilterChainProxy        : Securing POST /api/auth/register
2026-02-05T19:02:23.727+01:00 DEBUG 59156 --- [ZawodySpringWeb] [    Test worker] o.s.s.w.a.AnonymousAuthenticationFilter  : Set SecurityContextHolder to anonymous SecurityContext
2026-02-05T19:02:23.727+01:00 DEBUG 59156 --- [ZawodySpringWeb] [    Test worker] o.s.security.web.FilterChainProxy        : Secured POST /api/auth/register
Hibernate: 
    select
        u1_0.id 
    from
        users u1_0 
    where
        u1_0.email=? 
    fetch
        first ? rows only
Hibernate: 
    insert 
    into
        users
        (email, enabled, first_name, last_login_at, last_name, login, password_hash, registered_at, id) 
    values
        (?, ?, ?, ?, ?, ?, ?, ?, default)
Hibernate: 
    insert 
    into
        user_roles
        (user_id, role) 
    values
        (?, ?)
2026-02-05T19:02:23.889+01:00 DEBUG 59156 --- [ZawodySpringWeb] [    Test worker] o.s.security.web.FilterChainProxy        : Securing GET /api/contests/all
2026-02-05T19:02:23.889+01:00 DEBUG 59156 --- [ZawodySpringWeb] [    Test worker] o.s.s.w.a.AnonymousAuthenticationFilter  : Set SecurityContextHolder to anonymous SecurityContext
2026-02-05T19:02:23.890+01:00 DEBUG 59156 --- [ZawodySpringWeb] [    Test worker] o.s.s.w.a.Http403ForbiddenEntryPoint     : Pre-authenticated entry point called. Rejecting access
]]></system-out>
  <system-err><![CDATA[]]></system-err>
</testsuite>
