<?xml version="1.0" encoding="UTF-8"?>
<testsuite xmlns:xsi="http://www.w3.org/2001/XMLSchema-instance" xsi:noNamespaceSchemaLocation="https://maven.apache.org/surefire/maven-surefire-plugin/xsd/surefire-test-report-3.0.xsd" version="3.0" name="com.zawodyweb.zawodyweb.Controllers.AuthControllerSpec" time="15.807" tests="3" errors="0" skipped="0" failures="0">
  <properties>
[...]
</properties>
  <testcase name="register should return token when request is valid" classname="com.zawodyweb.zawodyweb.Controllers.AuthControllerSpec" time="1.506">
    <system-out><![CDATA[18:39:16.878 [main] INFO org.springframework.test.context.support.AnnotationConfigContextLoaderUtils -- Could not detect default configuration classes for test class [com.zawodyweb.zawodyweb.Controllers.AuthControllerSpec]: AuthControllerSpec does not declare any static, non-private, non-final, nested classes annotated with @Configuration.
18:39:17.246 [main] INFO org.springframework.boot.test.context.SpringBootTestContextBootstrapper -- Found @SpringBootConfiguration com.zawodyweb.zawodyweb.ZawodywebApplication for test class com.zawodyweb.zawodyweb.Controllers.AuthControllerSpec
18:39:17.628 [main] INFO org.springframework.test.context.support.AnnotationConfigContextLoaderUtils -- Could not detect default configuration classes for test class [com.zawodyweb.zawodyweb.Controllers.AuthControllerSpec]: AuthControllerSpec does not declare any static, non-private, non-final, nested classes annotated with @Configuration.
18:39:17.639 [main] INFO org.springframework.boot.test.context.SpringBootTestContextBootstrapper -- Found @SpringBootConfiguration com.zawodyweb.zawodyweb.ZawodywebApplication for test class com.zawodyweb.zawodyweb.Controllers.AuthControllerSpec

  .   ____          _            __ _ _
 /\\ / ___'_ __ _ _(_)_ __  __ _ \ \ \ \
( ( )\___ | '_ | '_| | '_ \/ _` | \ \ \ \
 \\/  ___)| |_)| | | | | || (_| |  ) ) ) )
  '  |____| .__|_| |_|_| |_\__, | / / / /
 =========|_|==============|___/=/_/_/_/

 :: Spring Boot ::                (v3.5.7)

2026-02-05T18:39:19.265+01:00  INFO 46832 --- [ZawodySpringWeb] [           main] c.z.z.Controllers.AuthControllerSpec     : Starting AuthControllerSpec using Java 21.0.9 with PID 46832 (started by yasakar in /home/yasakar/Work/zawodyweb/Backend)
2026-02-05T18:39:19.267+01:00 DEBUG 46832 --- [ZawodySpringWeb] [           main] c.z.z.Controllers.AuthControllerSpec     : Running with Spring Boot v3.5.7, Spring v6.2.12
2026-02-05T18:39:19.268+01:00  INFO 46832 --- [ZawodySpringWeb] [           main] c.z.z.Controllers.AuthControllerSpec     : The following 1 profile is active: "test"
2026-02-05T18:39:21.506+01:00  INFO 46832 --- [ZawodySpringWeb] [           main] .s.d.r.c.RepositoryConfigurationDelegate : Multiple Spring Data modules found, entering strict repository configuration mode
2026-02-05T18:39:21.511+01:00  INFO 46832 --- [ZawodySpringWeb] [           main] .s.d.r.c.RepositoryConfigurationDelegate : Bootstrapping Spring Data JPA repositories in DEFAULT mode.
2026-02-05T18:39:21.883+01:00  INFO 46832 --- [ZawodySpringWeb] [           main] .s.d.r.c.RepositoryConfigurationDelegate : Finished Spring Data repository scanning in 351 ms. Found 2 JPA repository interfaces.
2026-02-05T18:39:21.928+01:00  INFO 46832 --- [ZawodySpringWeb] [           main] .s.d.r.c.RepositoryConfigurationDelegate : Multiple Spring Data modules found, entering strict repository configuration mode
2026-02-05T18:39:21.931+01:00  INFO 46832 --- [ZawodySpringWeb] [           main] .s.d.r.c.RepositoryConfigurationDelegate : Bootstrapping Spring Data Redis repositories in DEFAULT mode.
2026-02-05T18:39:21.966+01:00  INFO 46832 --- [ZawodySpringWeb] [           main] .RepositoryConfigurationExtensionSupport : Spring Data Redis - Could not safely identify store assignment for repository candidate interface com.zawodyweb.zawodyweb.database.repositories.ContestRepository; If you want this repository to be a Redis repository, consider annotating your entities with one of these annotations: org.springframework.data.redis.core.RedisHash (preferred), or consider extending one of the following types with your repository: org.springframework.data.keyvalue.repository.KeyValueRepository
2026-02-05T18:39:21.967+01:00  INFO 46832 --- [ZawodySpringWeb] [           main] .RepositoryConfigurationExtensionSupport : Spring Data Redis - Could not safely identify store assignment for repository candidate interface com.zawodyweb.zawodyweb.database.repositories.UserRepository; If you want this repository to be a Redis repository, consider annotating your entities with one of these annotations: org.springframework.data.redis.core.RedisHash (preferred), or consider extending one of the following types with your repository: org.springframework.data.keyvalue.repository.KeyValueRepository
2026-02-05T18:39:21.968+01:00  INFO 46832 --- [ZawodySpringWeb] [           main] .s.d.r.c.RepositoryConfigurationDelegate : Finished Spring Data repository scanning in 11 ms. Found 0 Redis repository interfaces.
2026-02-05T18:39:23.041+01:00  INFO 46832 --- [ZawodySpringWeb] [           main] o.hibernate.jpa.internal.util.LogHelper  : HHH000204: Processing PersistenceUnitInfo [name: default]
2026-02-05T18:39:23.166+01:00  INFO 46832 --- [ZawodySpringWeb] [           main] org.hibernate.Version                    : HHH000412: Hibernate ORM core version 6.6.33.Final
2026-02-05T18:39:23.247+01:00  INFO 46832 --- [ZawodySpringWeb] [           main] o.h.c.internal.RegionFactoryInitiator    : HHH000026: Second-level cache disabled
2026-02-05T18:39:23.950+01:00  INFO 46832 --- [ZawodySpringWeb] [           main] o.s.o.j.p.SpringPersistenceUnitInfo      : No LoadTimeWeaver setup: ignoring JPA class transformer
2026-02-05T18:39:24.023+01:00  INFO 46832 --- [ZawodySpringWeb] [           main] com.zaxxer.hikari.HikariDataSource       : HikariPool-1 - Starting...
2026-02-05T18:39:24.675+01:00  INFO 46832 --- [ZawodySpringWeb] [           main] com.zaxxer.hikari.pool.HikariPool        : HikariPool-1 - Added connection conn0: url=jdbc:h2:mem:testdb user=SA
2026-02-05T18:39:24.679+01:00  INFO 46832 --- [ZawodySpringWeb] [           main] com.zaxxer.hikari.HikariDataSource       : HikariPool-1 - Start completed.
2026-02-05T18:39:24.742+01:00  WARN 46832 --- [ZawodySpringWeb] [           main] org.hibernate.orm.deprecation            : HHH90000025: H2Dialect does not need to be specified explicitly using 'hibernate.dialect' (remove the property setting and it will be selected by default)
2026-02-05T18:39:24.800+01:00  INFO 46832 --- [ZawodySpringWeb] [           main] org.hibernate.orm.connections.pooling    : HHH10001005: Database info:
	Database JDBC URL [Connecting through datasource 'HikariDataSource (HikariPool-1)']
	Database driver: undefined/unknown
	Database version: 2.3.232
	Autocommit mode: undefined/unknown
	Isolation level: undefined/unknown
	Minimum pool size: undefined/unknown
	Maximum pool size: undefined/unknown
Hibernate: 
    create global temporary table HTE_contests(rn_ integer not null, visible boolean, end_time timestamp(6), id bigint, start_time timestamp(6), access_password varchar(64), name varchar(120), description varchar(2000), primary key (rn_)) TRANSACTIONAL
2026-02-05T18:39:27.330+01:00  INFO 46832 --- [ZawodySpringWeb] [           main] o.h.e.t.j.p.i.JtaPlatformInitiator       : HHH000489: No JTA platform available (set 'hibernate.transaction.jta.platform' to enable JTA platform integration)
Hibernate: 
    drop table if exists contests cascade 
Hibernate: 
    drop table if exists languages cascade 
Hibernate: 
    drop table if exists problem_languages cascade 
Hibernate: 
    drop table if exists problems cascade 
Hibernate: 
    drop table if exists submission_results cascade 
Hibernate: 
    drop table if exists submissions cascade 
Hibernate: 
    drop table if exists test_cases cascade 
Hibernate: 
    drop table if exists user_roles cascade 
Hibernate: 
    drop table if exists users cascade 
Hibernate: 
    drop sequence if exists contests_seq
Hibernate: 
    create sequence contests_seq start with 1 increment by 50
Hibernate: 
    create table contests (
        visible boolean not null,
        end_time timestamp(6),
        id bigint not null,
        start_time timestamp(6),
        access_password varchar(64),
        name varchar(120) not null,
        description varchar(2000),
        primary key (id)
    )
Hibernate: 
    create table languages (
        extension varchar(8) not null,
        id bigint generated by default as identity,
        name varchar(40) not null unique,
        config clob,
        primary key (id)
    )
Hibernate: 
    create table problem_languages (
        id bigint generated by default as identity,
        language_id bigint not null,
        problem_id bigint not null,
        primary key (id)
    )
Hibernate: 
    create table problems (
        code_size_limit_kb integer,
        max_points integer,
        memory_limit_mb integer,
        time_limit_ms integer,
        visible_in_ranking boolean not null,
        contest_id bigint not null,
        id bigint generated by default as identity,
        short_code varchar(10) not null,
        name varchar(80) not null,
        statement clob not null,
        primary key (id)
    )
Hibernate: 
    create table submission_results (
        memory_kb integer,
        points integer,
        runtime_ms integer,
        id bigint generated by default as identity,
        submission_id bigint not null,
        test_case_id bigint not null,
        notes clob,
        status enum ('MEMORY_LIMIT','OK','RUNTIME_ERROR','SKIPPED','TIME_LIMIT','WRONG_ANSWER'),
        primary key (id)
    )
Hibernate: 
    create table submissions (
        visible_in_ranking boolean not null,
        id bigint generated by default as identity,
        language_id bigint not null,
        problem_id bigint not null,
        submitted_at timestamp(6) with time zone not null,
        user_id bigint not null,
        client_ip varchar(45),
        filename varchar(255),
        source_code clob not null,
        state enum ('ACCEPTED','COMPILATION_ERROR','COMPILING','NEW','QUEUED','RUNNING','RUNTIME_ERROR','TIME_LIMIT','WRONG_ANSWER') not null,
        primary key (id)
    )
Hibernate: 
    create table test_cases (
        id bigint generated by default as identity,
        problem_id bigint not null,
        order_tag varchar(32),
        expected_output clob not null,
        input_data clob not null,
        primary key (id)
    )
Hibernate: 
    create table user_roles (
        user_id bigint not null,
        role enum ('ROLE_MODERATOR','ROLE_PROFESSOR','ROLE_USER')
    )
Hibernate: 
    create table users (
        enabled boolean not null,
        id bigint generated by default as identity,
        last_login_at timestamp(6) with time zone,
        registered_at timestamp(6) with time zone not null,
        first_name varchar(40),
        last_name varchar(40),
        login varchar(64) not null unique,
        email varchar(120) unique,
        password_hash varchar(255) not null,
        primary key (id)
    )
Hibernate: 
    alter table if exists problem_languages 
       add constraint FK4i0k76bq22dfeyye621coqq98 
       foreign key (language_id) 
       references languages
Hibernate: 
    alter table if exists problem_languages 
       add constraint FK1a68xythji6wodqdtroentf8x 
       foreign key (problem_id) 
       references problems
Hibernate: 
    alter table if exists problems 
       add constraint FKpa9waom3ntotn7gpm2spnsow5 
       foreign key (contest_id) 
       references contests
Hibernate: 
    alter table if exists submission_results 
       add constraint FK3vpwf0yhpkyrbkiog5q9ul6vt 
       foreign key (submission_id) 
       references submissions
Hibernate: 
    alter table if exists submission_results 
       add constraint FKey10w0e8k2v9xgpkdtpshsp0x 
       foreign key (test_case_id) 
       references test_cases
Hibernate: 
    alter table if exists submissions 
       add constraint FK9fx61y3mco1ml81vg551maq0f 
       foreign key (language_id) 
       references languages
Hibernate: 
    alter table if exists submissions 
       add constraint FKj5kbdqokftgx992cx24x3s583 
       foreign key (problem_id) 
       references problems
Hibernate: 
    alter table if exists submissions 
       add constraint FK760bgu69957phd7hax608jdms 
       foreign key (user_id) 
       references users
Hibernate: 
    alter table if exists test_cases 
       add constraint FKtddrw6qnmvhxky105cag980j3 
       foreign key (problem_id) 
       references problems
Hibernate: 
    alter table if exists user_roles 
       add constraint FKhfh9dx7w3ubf1co1vdev94g3f 
       foreign key (user_id) 
       references users
2026-02-05T18:39:27.483+01:00  INFO 46832 --- [ZawodySpringWeb] [           main] j.LocalContainerEntityManagerFactoryBean : Initialized JPA EntityManagerFactory for persistence unit 'default'
2026-02-05T18:39:28.243+01:00  INFO 46832 --- [ZawodySpringWeb] [           main] eAuthenticationProviderManagerConfigurer : Global AuthenticationManager configured with AuthenticationProvider bean with name authenticationProvider
2026-02-05T18:39:28.244+01:00  WARN 46832 --- [ZawodySpringWeb] [           main] r$InitializeUserDetailsManagerConfigurer : Global AuthenticationManager configured with an AuthenticationProvider bean. UserDetailsService beans will not be used by Spring Security for automatically configuring username/password login. Consider removing the AuthenticationProvider bean. Alternatively, consider using the UserDetailsService in a manually instantiated DaoAuthenticationProvider. If the current configuration is intentional, to turn off this warning, increase the logging level of 'org.springframework.security.config.annotation.authentication.configuration.InitializeUserDetailsBeanManagerConfigurer' to ERROR
2026-02-05T18:39:28.558+01:00  WARN 46832 --- [ZawodySpringWeb] [           main] JpaBaseConfiguration$JpaWebConfiguration : spring.jpa.open-in-view is enabled by default. Therefore, database queries may be performed during view rendering. Explicitly configure spring.jpa.open-in-view to disable this warning
2026-02-05T18:39:29.246+01:00 DEBUG 46832 --- [ZawodySpringWeb] [           main] o.s.s.web.DefaultSecurityFilterChain     : Will secure any request with filters: DisableEncodeUrlFilter, WebAsyncManagerIntegrationFilter, SecurityContextHolderFilter, HeaderWriterFilter, CorsFilter, LogoutFilter, JwtAuthenticationFilter, RequestCacheAwareFilter, SecurityContextHolderAwareRequestFilter, AnonymousAuthenticationFilter, SessionManagementFilter, ExceptionTranslationFilter, AuthorizationFilter
2026-02-05T18:39:29.492+01:00  INFO 46832 --- [ZawodySpringWeb] [           main] o.s.v.b.OptionalValidatorFactoryBean     : Failed to set up a Bean Validation provider: jakarta.validation.NoProviderFoundException: Unable to create a Configuration, because no Jakarta Validation provider could be found. Add a provider like Hibernate Validator (RI) to your classpath.
2026-02-05T18:39:30.734+01:00 DEBUG 46832 --- [ZawodySpringWeb] [           main] c.z.z.config.JwtAuthenticationFilter     : Filter 'jwtAuthenticationFilter' configured for use
2026-02-05T18:39:30.735+01:00  INFO 46832 --- [ZawodySpringWeb] [           main] o.s.b.t.m.w.SpringBootMockServletContext : Initializing Spring TestDispatcherServlet ''
2026-02-05T18:39:30.736+01:00  INFO 46832 --- [ZawodySpringWeb] [           main] o.s.t.web.servlet.TestDispatcherServlet  : Initializing Servlet ''
2026-02-05T18:39:30.738+01:00  INFO 46832 --- [ZawodySpringWeb] [           main] o.s.t.web.servlet.TestDispatcherServlet  : Completed initialization in 2 ms
2026-02-05T18:39:30.792+01:00  INFO 46832 --- [ZawodySpringWeb] [           main] c.z.z.Controllers.AuthControllerSpec     : Started AuthControllerSpec in 12.509 seconds (process running for 15.657)
Hibernate: 
    select
        u1_0.id,
        u1_0.email,
        u1_0.enabled,
        u1_0.first_name,
        u1_0.last_login_at,
        u1_0.last_name,
        u1_0.login,
        u1_0.password_hash,
        u1_0.registered_at 
    from
        users u1_0 
    where
        u1_0.login=?
Hibernate: 
    insert 
    into
        users
        (email, enabled, first_name, last_login_at, last_name, login, password_hash, registered_at, id) 
    values
        (?, ?, ?, ?, ?, ?, ?, ?, default)
Hibernate: 
    insert 
    into
        user_roles
        (user_id, role) 
    values
        (?, ?)
--------------- Created: admin ------------------
Hibernate: 
    select
        u1_0.id,
        u1_0.email,
        u1_0.enabled,
        u1_0.first_name,
        u1_0.last_login_at,
        u1_0.last_name,
        u1_0.login,
        u1_0.password_hash,
        u1_0.registered_at 
    from
        users u1_0
Hibernate: 
    select
        r1_0.user_id,
        r1_0.role 
    from
        user_roles r1_0 
    where
        r1_0.user_id=?
Hibernate: 
    delete 
    from
        user_roles 
    where
        user_id=?
Hibernate: 
    delete 
    from
        users 
    where
        id=?
2026-02-05T18:39:32.614+01:00 DEBUG 46832 --- [ZawodySpringWeb] [           main] o.s.security.web.FilterChainProxy        : Securing POST /api/auth/register
2026-02-05T18:39:32.629+01:00 DEBUG 46832 --- [ZawodySpringWeb] [           main] o.s.s.w.a.AnonymousAuthenticationFilter  : Set SecurityContextHolder to anonymous SecurityContext
2026-02-05T18:39:32.633+01:00 DEBUG 46832 --- [ZawodySpringWeb] [           main] o.s.security.web.FilterChainProxy        : Secured POST /api/auth/register
Hibernate: 
    select
        u1_0.id 
    from
        users u1_0 
    where
        u1_0.email=? 
    fetch
        first ? rows only
Hibernate: 
    insert 
    into
        users
        (email, enabled, first_name, last_login_at, last_name, login, password_hash, registered_at, id) 
    values
        (?, ?, ?, ?, ?, ?, ?, ?, default)
Hibernate: 
    insert 
    into
        user_roles
        (user_id, role) 
    values
        (?, ?)
]]></system-out>
    <system-err><![CDATA[Mockito is currently self-attaching to enable the inline-mock-maker. This will no longer work in future releases of the JDK. Please add Mockito as an agent to your build as described in Mockito's documentation: https://javadoc.io/doc/org.mockito/mockito-core/latest/org.mockito/org/mockito/Mockito.html#0.3
WARNING: A Java agent has been loaded dynamically (/home/yasakar/.m2/repository/net/bytebuddy/byte-buddy-agent/1.17.8/byte-buddy-agent-1.17.8.jar)
WARNING: If a serviceability tool is in use, please run with -XX:+EnableDynamicAgentLoading to hide this warning
WARNING: If a serviceability tool is not in use, please run with -Djdk.instrument.traceUsage for more information
WARNING: Dynamic loading of agents will be disallowed by default in a future release
]]></system-err>
  </testcase>
  <testcase name="login should return token when credentials are correct" classname="com.zawodyweb.zawodyweb.Controllers.AuthControllerSpec" time="0.509">
    <system-out><![CDATA[Hibernate: 
    select
        u1_0.id,
        u1_0.email,
        u1_0.enabled,
        u1_0.first_name,
        u1_0.last_login_at,
        u1_0.last_name,
        u1_0.login,
        u1_0.password_hash,
        u1_0.registered_at 
    from
        users u1_0
Hibernate: 
    select
        r1_0.user_id,
        r1_0.role 
    from
        user_roles r1_0 
    where
        r1_0.user_id=?
Hibernate: 
    delete 
    from
        user_roles 
    where
        user_id=?
Hibernate: 
    delete 
    from
        users 
    where
        id=?
2026-02-05T18:39:33.161+01:00 DEBUG 46832 --- [ZawodySpringWeb] [           main] o.s.security.web.FilterChainProxy        : Securing POST /api/auth/register
2026-02-05T18:39:33.161+01:00 DEBUG 46832 --- [ZawodySpringWeb] [           main] o.s.s.w.a.AnonymousAuthenticationFilter  : Set SecurityContextHolder to anonymous SecurityContext
2026-02-05T18:39:33.162+01:00 DEBUG 46832 --- [ZawodySpringWeb] [           main] o.s.security.web.FilterChainProxy        : Secured POST /api/auth/register
Hibernate: 
    select
        u1_0.id 
    from
        users u1_0 
    where
        u1_0.email=? 
    fetch
        first ? rows only
Hibernate: 
    insert 
    into
        users
        (email, enabled, first_name, last_login_at, last_name, login, password_hash, registered_at, id) 
    values
        (?, ?, ?, ?, ?, ?, ?, ?, default)
Hibernate: 
    insert 
    into
        user_roles
        (user_id, role) 
    values
        (?, ?)
2026-02-05T18:39:33.329+01:00 DEBUG 46832 --- [ZawodySpringWeb] [           main] o.s.security.web.FilterChainProxy        : Securing POST /api/auth/login
2026-02-05T18:39:33.330+01:00 DEBUG 46832 --- [ZawodySpringWeb] [           main] o.s.s.w.a.AnonymousAuthenticationFilter  : Set SecurityContextHolder to anonymous SecurityContext
2026-02-05T18:39:33.330+01:00 DEBUG 46832 --- [ZawodySpringWeb] [           main] o.s.security.web.FilterChainProxy        : Secured POST /api/auth/login
Hibernate: 
    select
        u1_0.id,
        u1_0.email,
        u1_0.enabled,
        u1_0.first_name,
        u1_0.last_login_at,
        u1_0.last_name,
        u1_0.login,
        u1_0.password_hash,
        u1_0.registered_at 
    from
        users u1_0 
    where
        u1_0.login=?
Hibernate: 
    select
        r1_0.user_id,
        r1_0.role 
    from
        user_roles r1_0 
    where
        r1_0.user_id=?
2026-02-05T18:39:33.634+01:00 DEBUG 46832 --- [ZawodySpringWeb] [           main] o.s.s.a.dao.DaoAuthenticationProvider    : Authenticated user
Hibernate: 
    select
        u1_0.id,
        u1_0.email,
        u1_0.enabled,
        u1_0.first_name,
        u1_0.last_login_at,
        u1_0.last_name,
        u1_0.login,
        u1_0.password_hash,
        u1_0.registered_at 
    from
        users u1_0 
    where
        u1_0.login=?
]]></system-out>
  </testcase>
  <testcase name="login should return 401 when password is wrong" classname="com.zawodyweb.zawodyweb.Controllers.AuthControllerSpec" time="0.352">
    <system-out><![CDATA[Hibernate: 
    select
        u1_0.id,
        u1_0.email,
        u1_0.enabled,
        u1_0.first_name,
        u1_0.last_login_at,
        u1_0.last_name,
        u1_0.login,
        u1_0.password_hash,
        u1_0.registered_at 
    from
        users u1_0
Hibernate: 
    select
        r1_0.user_id,
        r1_0.role 
    from
        user_roles r1_0 
    where
        r1_0.user_id=?
Hibernate: 
    delete 
    from
        user_roles 
    where
        user_id=?
Hibernate: 
    delete 
    from
        users 
    where
        id=?
2026-02-05T18:39:33.669+01:00 DEBUG 46832 --- [ZawodySpringWeb] [           main] o.s.security.web.FilterChainProxy        : Securing POST /api/auth/register
2026-02-05T18:39:33.670+01:00 DEBUG 46832 --- [ZawodySpringWeb] [           main] o.s.s.w.a.AnonymousAuthenticationFilter  : Set SecurityContextHolder to anonymous SecurityContext
2026-02-05T18:39:33.670+01:00 DEBUG 46832 --- [ZawodySpringWeb] [           main] o.s.security.web.FilterChainProxy        : Secured POST /api/auth/register
Hibernate: 
    select
        u1_0.id 
    from
        users u1_0 
    where
        u1_0.email=? 
    fetch
        first ? rows only
Hibernate: 
    insert 
    into
        users
        (email, enabled, first_name, last_login_at, last_name, login, password_hash, registered_at, id) 
    values
        (?, ?, ?, ?, ?, ?, ?, ?, default)
Hibernate: 
    insert 
    into
        user_roles
        (user_id, role) 
    values
        (?, ?)
2026-02-05T18:39:33.831+01:00 DEBUG 46832 --- [ZawodySpringWeb] [           main] o.s.security.web.FilterChainProxy        : Securing POST /api/auth/login
2026-02-05T18:39:33.832+01:00 DEBUG 46832 --- [ZawodySpringWeb] [           main] o.s.s.w.a.AnonymousAuthenticationFilter  : Set SecurityContextHolder to anonymous SecurityContext
2026-02-05T18:39:33.832+01:00 DEBUG 46832 --- [ZawodySpringWeb] [           main] o.s.security.web.FilterChainProxy        : Secured POST /api/auth/login
Hibernate: 
    select
        u1_0.id,
        u1_0.email,
        u1_0.enabled,
        u1_0.first_name,
        u1_0.last_login_at,
        u1_0.last_name,
        u1_0.login,
        u1_0.password_hash,
        u1_0.registered_at 
    from
        users u1_0 
    where
        u1_0.login=?
Hibernate: 
    select
        r1_0.user_id,
        r1_0.role 
    from
        user_roles r1_0 
    where
        r1_0.user_id=?
2026-02-05T18:39:33.984+01:00 DEBUG 46832 --- [ZawodySpringWeb] [           main] o.s.s.a.dao.DaoAuthenticationProvider    : Failed to authenticate since password does not match stored value
2026-02-05T18:39:33.985+01:00 DEBUG 46832 --- [ZawodySpringWeb] [           main] o.s.s.authentication.ProviderManager     : Authentication failed with provider DaoAuthenticationProvider since Bad credentials
]]></system-out>
  </testcase>
</testsuite>